<?xml version="1.0" encoding="UTF-8"?>
<!-- Generated by org.testng.reporters.JUnitXMLReporter -->
<testsuite hostname="prashants-mbp" name="Default test" tests="4" failures="0" timestamp="19 Aug 2018 14:14:14 GMT" time="38.107" errors="0">
  <testcase name="testCase1" time="23.072" classname="businessComponents.SearchBooks"/>
  <testcase name="testCase2" time="4.74" classname="businessComponents.SearchBooks"/>
  <testcase name="testCase3" time="2.995" classname="businessComponents.SearchBooks"/>
  <testcase name="testCase4" time="4.242" classname="businessComponents.SearchBooks"/>
</testsuite> <!-- Default test -->
